<?xml version="1.0" encoding="UTF-8"?>
<!-- Generated by org.testng.reporters.JUnitXMLReporter -->
<testsuite hostname="Admin" ignored="0" name="Grouping TestNg Test" tests="3" failures="0" timestamp="31 May 2020 04:59:46 GMT" time="0.215" errors="0">
  <testcase name="test1" time="0.09" classname="com.demo.testNG.GroupingInTestNg"/>
  <testcase name="test2" time="0.005" classname="com.demo.testNG.GroupingInTestNg"/>
  <testcase name="test3" time="0.004" classname="com.demo.testNG.GroupingInTestNg"/>
</testsuite> <!-- Grouping TestNg Test -->
